<?xml version="1.0" encoding="UTF-8"?>
<!-- Generated by org.testng.reporters.JUnitXMLReporter -->
<testsuite hostname="GLTPM-W085" ignored="0" name="Login_Test" tests="4" failures="0" timestamp="12 Dec 2018 14:34:41 GMT" time="44.042" errors="0">
  <testcase name="clickNPS" time="27.892" classname="test.createsurvey.addNPS_Tiles"/>
  <testcase name="addNPS" time="3.6" classname="test.createsurvey.addNPS_Tiles"/>
  <testcase name="clickMultiChoice" time="1.664" classname="test.createsurvey.addMultiChoice"/>
  <testcase name="addMultiChoice" time="2.805" classname="test.createsurvey.addMultiChoice"/>
</testsuite> <!-- Login_Test -->
