<?xml version="1.0" encoding="UTF-8"?>
<!-- Generated by org.testng.reporters.JUnitXMLReporter -->
<testsuite hostname="GLTPM-W085" ignored="0" name="Login_Test" tests="7" failures="0" timestamp="23 Jan 2019 10:40:58 GMT" time="26.288" errors="0">
  <testcase name="@BeforeClass checkRUnMode" time="0.0" classname="test.createsurvey.addSingleText">
    <skipped/>
  </testcase> <!-- @BeforeClass checkRUnMode -->
  <testcase name="@AfterMethod initResult" time="0.0" classname="test.createsurvey.addSingleText">
    <skipped/>
  </testcase> <!-- @AfterMethod initResult -->
  <testcase name="@AfterClass setStatusintoReport" time="0.0" classname="test.createsurvey.addSingleText">
    <skipped/>
  </testcase> <!-- @AfterClass setStatusintoReport -->
  <testcase name="test1" time="0.014" classname="test.createsurvey.startTest"/>
  <testcase name="clickSingleChoice" time="2.812" classname="test.createsurvey.addSingleChoice"/>
  <testcase name="addSingleChoice" time="3.193" classname="test.createsurvey.addSingleChoice"/>
  <testcase name="clickSingleText" time="0.0" classname="test.createsurvey.addSingleText">
    <skipped/>
  </testcase> <!-- clickSingleText -->
  <testcase name="addSingleText" time="0.0" classname="test.createsurvey.addSingleText">
    <skipped/>
  </testcase> <!-- addSingleText -->
  <testcase name="clickGRS_Dislike" time="0.954" classname="test.createsurvey.addGRS_Dislike"/>
  <testcase name="addGRS_Dislike" time="11.106" classname="test.createsurvey.addGRS_Dislike"/>
</testsuite> <!-- Login_Test -->
