<?xml version="1.0" encoding="UTF-8"?>
<testng-results skipped="0" failed="0" ignored="0" total="1" passed="1">
  <reporter-output>
  </reporter-output>
  <suite name="Default suite" duration-ms="173020" started-at="2019-01-28T13:50:17Z" finished-at="2019-01-28T13:53:10Z">
    <groups>
    </groups>
    <test name="Default test" duration-ms="173020" started-at="2019-01-28T13:50:17Z" finished-at="2019-01-28T13:53:10Z">
      <class name="updateQuestionType.fromSingleChoiceToOther">
        <test-method status="PASS" signature="changeType()[pri:0, instance:updateQuestionType.fromSingleChoiceToOther@222a59e6]" name="changeType" duration-ms="172987" started-at="2019-01-28T13:50:17Z" finished-at="2019-01-28T13:53:10Z">
          <reporter-output>
          </reporter-output>
        </test-method> <!-- changeType -->
      </class> <!-- updateQuestionType.fromSingleChoiceToOther -->
    </test> <!-- Default test -->
  </suite> <!-- Default suite -->
</testng-results>
